11190 apptrack Mulan

11314 aptexp Beihang

11547 arara NDA

11814 archstats SLAC

11983 arem Creative

12038 argconfigparse GP

12322 arithmeticbsr QTX

12323 arithmetic-bsr QTX

12738 artemis-bookmarks CNPLv6

12891 arvindfunny AIT

13066 asciigraphic GPU

14430 async-suds specified using classifiers

14430 async-suds-v7k specified using classifiers

14906 atomia-client Atomia

15008 atracsys atracsys

15585 authcrypter PMSM

16044 autohook Do whatever you want dont blame me

16309 autoneuro ineuron-ip

16308 autoneuro-master ineuron-ip

16308 autoneuro-master-new ineuron-ip

16828 avisdk Avi Networks

17077 awpa PSF/MIT

17666 awslambdahelper LGLP

17749 aws-monitoring SNCF

130464 awssh SEOmoz

19954 bankaya-data-utilities Bankaya

291231 top-zx Mulan

292380 tpedit A Test Program editor and diff tool for Focused Test Inc.s FTI Studio XML files

292458 tpspy All right reserved

315945 translater -

293797 trek 0.0.1

293969 triarc COIL

294241 trnslator -

294902 tscore not open source

295341 tubestatus TBC

296256 twip mitrom

297785 ucis4eq To be defined

298026 udo Anyone But RMS

298094 uerus There is no authorization to use this unless you send at least $500 in Bitcoin to 1P2ESzjd3BgHzCRPoKnp8QPKfZ8pcKANdT. You can buy this by sending $500 in Bitcoin to this address: 1P2ESzjd3BgHzCRPoKnp8QPKfZ8pcKANdT

298206 uhelpers Aura

298538 umalqurra Waqef

298587 ummalqura Waqef

299340 unixpornposter idgaf

299887 uqer DataYes

299984 urinterface INTOCPS

2152 addstartup MDTrack

3490 aibaklava Tool to create AI jobs

3542 aictl Tool to create AI jobs

3825 aio2py GUN Linense

4104 aio-fluid BST

5342 aisriracha Tool to create AI jobs

6155 algolib AlgoFund

304777 alias PSYTRON

7304 almacenbebidasalba1 NOTFOUND

7728 amath AJL

9430 antares-apps DUAL

