40180 cmtestrunner CM

40448 coast Put something here

40639 codaclient -

40739 codecounter Genetalks

40763 codeedu BST

40768 codefarmer we are the champion

40872 codepadr LITL

40931 codeship-cli Codeship cli to manipulate projects

41082 coeus CC-BY-NC

41357 coinsuper-api-rest-sdk Coinsuper

41755 collective-cmfeditionsdexteritycompat 

42579 collective-recipe-database-url Whatever Plone is

43103 colorlogs UNH

43118 colormod Do whatever you want

44746 confine no reuse

45058 consent-decoder MediaIQ

45125 console-tool qfcy

45612 conversortemperatura UTPL

45980 copia CC-BY

46479 cortex-client CognitiveScale Inc

46645 costa2019 cc_by_nc

47234 cpc-geofiles CC

47235 cpc-geogrids CC

47236 cpc-geoplot CC

47239 cpc-mpp CC

47240 cpc-stats CC

47242 cpc-units CC

47530 cqe-jdsu VIAVI

47718 crate-riot Phil

48107 crickit MITa

48323 crontip CLA

48681 cryptobazen N.A

48827 crypto-project @

48852 cryptosyspki See source code modules

49298 csound-vst-code-generators lpgl

49720 csvxls kindest

50083 cubicweb-cmt LCL

50096 cubicweb-dbpedia LCL

50196 cubicweb-timeseries LCL

50259 cudainline Anti 996

50398 curandrtc Anti 996

51179 cyberdem 

51405 cypar CYCY

52174 dancrypt DANIEL MONTEIRO

311824 dao AFPL

53463 dataline https://github.com/tiagobotari/dataline

53769 datarobot-bp-workshop DataRobot Tool and Utility Agreement

164792 data-toolkit c Jakub Langr

54235 datcat TBC

54300 dateobjects WTFL

54529 dayli-client DAYLISOFT

55296 ddah-promises Affero

56222 deephyper ANL

56425 deepspace ANL

56976 demogepsum GEP

    DEALINGS IN THE SOFTWARE.
 


58109 dex-tracker dual

59444 dingonyms PD

59859 discord-data-helper CCL

60113 discurses https://github.com/topisani/discurses

60144 diskchef c authors

61880 django-admin-top-models LPGL

62560 django-backupdb Fusionbox

62689 django-bigbluebutton GPT

63682 djangocms-search MTI

63682 djangocms-search-redux MTI

64598 django-dbrouter LGPG

64808 django-discount GPT

65156 django-ecl-tools YMMV

65332 django-enhanced-emails Theodo

66613 django-gtin-fields LPGL

66957 django-icons-famfamfam Various see README file

69288 django-openbudget CC-SA-NC

69305 django-openportfolio CC-SA-NC

69689 django-pdfy BDS

The views and conclusions contained in the software and documentation are those
 of the authors and should not be interpreted as representing official policies 


71626 django-security-patch GPT

71659 django-selenium-pdfmaker GPT

71914 django-shortlink GPT

72720 django-stats-report Proprietay Software

72732 django-stdimage-serializer Just dont bug me with your problems

73631 django-trigger Creative Common

73631 django-trigger-smtp Creative Common

74764 djcron Affero

74763 djcron-agent Affero

74764 djcron-server Affero

75280 dkr c 2016 Joel Johnson

75300 dl20211 Li

75301 dl202111 Li

76419 docker-tutorial To be determined

77016 dolphindb DolphinDB

77016 dolphindb-notebook DolphinDB

77341 dorado-scheduling NOSA

77342 dorado-sensitivity NOSA

77957 dplus-api D+ Software


   This work benefitted from DANSE software developed


80084 duffie2013 cc_by_nc

80157 dummy-gg abc def

80189 dummyvalidator Microsoft

80430 dvfile Mulan

81244 easierai-common-functions ATOS

81246 easierai-trainer-library ATOS

81252 easiersdk ATOS

82393 echarts-themes-pypkg git push -u origin masterMIT

83467 efshape SojiroFukuda

84112 electrumsv-node Open BSV

84113 electrumsv-sdk Open BSV

84356 elliesimguruploader idgaf

85086 empty-my-fridge MI

310657 enforcer Upside

85519 engraver Eclipse

85697 ensemblator CCA 4.0 IPL

86061 env-settings2 Restricted

86332 epigeec-ihecdata ECL

86333 epigeec-ihecmetadata ECL

86587 equadratures LPGL-2.1

86693 ereuse-rate Affero

86695 ereuse-workbench Affero

86998 eseesminipy c Silvia Mazzoni

87112 espapp-pkg Virim

87663 etools-offline UNICEF

87783 euleros Small Dog Inc. UCB

88935 exaparser Exabyte Inc

299311 exercise RA

89220 exhibiter Non-Eviction

89232 exifgps CC

89605 exposan UIUC

90208 ezpz all lefts reservered

90390 faber BSL

90390 faber-bench BSL

92060 fastmapper 

92542 fbtest IDPL

93113 feirays Anti 996

93297 fes Propietary

#   Hopkinton MA 01748
 #   USA

94781 finwizard JSP

133501 firefly firefly

95124 firstpackage Pupun

96554 flask-environ DWTFYW

96729 flask-gripcontrol Tequilaware


 


97805 flask-sqlalchemy-rls MIT+Tequilaware

97885 flask-tasktiger Tequilaware

98030 flask-waitress Tequilaware

99314 focalplane Aura

99812 forestquest LICENSING.txt

100394 fp-th-di Delivery Hero Thailand Co. Ltd

100394 fp-th-di-mail-sender Delivery Hero Thailand Co. Ltd

101078 fri-oo EPFL

101252 frybot creative common

101513 ft2 excel回测

101824 fudget Eloy Zuniga Jr

102231 funniest-jl tem

102233 funniest-kr BSP

102235 funniest-ltp LTP

102243 funniest-pan Purdue

102247 funniest-sm LN

102284 funpack Cerner

102621 fwshare fwshare

103295 gameserver-response-parser WTF

104594 gdpr-check ABRMS

105221 genesis-sdk To be defined

105581 genuisfinder ACSL

105609 geoakima ACM

107042 gh-mig open

107091 ghp-import2 TPL

107563 gisic ND

107660 gitapi Do whatever you want dont blame me

108075 github-publish Many thanks to ravi

108194 gitissius Mixed

108775 gkextcpy ETH Zurich

108791 glabpkg cc_by_nc

#
 ####################################################################################################

109260 gm2addon copyloose

109862 gofmm1 TUM

