opencafe 

This software and derivative works created from it
 may be used and redistributed without restriction.

opengroupware MIT/X11

openmodelicacompiler OSMC-PL 1.2

openpyexcel MIT/Expat

CAUSED AND ON ANY THEORY OF LIABILITY WHETHER IN CONTRACT STRICT LIABILITY
 OR TORT INCLUDING NEGLIGENCE OR OTHERWISE ARISING IN ANY WAY OUT OF THE USE


opensmile audEERING

opm Open Source

ON ANY THEORY OF LIABILITY WHETHER IN CONTRACT STRICT LIABILITY OR TORT
 INCLUDING NEGLIGENCE OR OTHERWISE ARISING IN ANY WAY OUT OF THE USE OF THIS


orcautomators Indra Company

orch-library-logging MCS DevOps

orch-request-library Macquarie Cloud Services

os-facio-hooks N/A

The views and conclusions contained in the software and documentation are those
 of the authors and should not be interpreted as representing official policies 


The views and conclusions contained in the software and documentation are those
 of the authors and should not be interpreted as representing official policies 


osso-docktool Undecided

ovc Nubera BVBA

package1398 UT

package-1398 UT

package-test no

package-test-bjl Harvard

LIABILITY WHETHER IN AN ACTION OF CONTRACT TORT OR OTHERWISE ARISING FROM
 OUT OF OR IN CONNECTION WITH THE SOFTWARE OR THE USE OR OTHER DEALINGS IN


packetsocket Nope

pak-unior OSL

LIABILITY WHETHER IN AN ACTION OF CONTRACT TORT OR OTHERWISE ARISING FROM
 OUT OF OR IN CONNECTION WITH THE SOFTWARE OR THE USE OR OTHER DEALINGS IN


CAUSED AND ON ANY THEORY OF LIABILITY WHETHER IN CONTRACT STRICT LIABILITY
 OR TORT INCLUDING NEGLIGENCE OR OTHERWISE ARISING IN ANY WAY OUT OF THE USE


CAUSED AND ON ANY THEORY OF LIABILITY WHETHER IN CONTRACT STRICT LIABILITY
 OR TORT INCLUDING NEGLIGENCE OR OTHERWISE ARISING IN ANY WAY OUT OF THE USE


pankus c Politechnika Wrocławska

paquete UGR

WHATSOEVER RESULTING FROM LOSS OF USE DATA OR PROFITS WHETHER IN AN
 ACTION OF CONTRACT NEGLIGENCE OR OTHER TORTIOUS ACTION ARISING OUT OF


ANY THEORY OF LIABILITY WHETHER IN CONTRACT STRICT LIABILITY OR TORT
 INCLUDING NEGLIGENCE OR OTHERWISE ARISING IN ANY WAY OUT OF THE USE OF THIS


LIABILITY WHETHER IN CONTRACT STRICT LIABILITY OR TORT INCLUDING NEGLIGENCE
 OR OTHERWISE ARISING IN ANY WAY OUT OF THE USE OF THIS SOFTWARE EVEN IF


passwordcard CC-BY

WHATSOEVER RESULTING FROM LOSS OF USE DATA OR PROFITS WHETHER IN AN
 ACTION OF CONTRACT NEGLIGENCE OR OTHER TORTIOUS ACTION ARISING OUT OF


pastebunny Bunny Licensse

pathcrypter CISCO

pay-as-a-bid Shatif University of Technology

paybidelec Shatif University of Technology

pcap-ylg DWTFYWT

pcpt-cde 2021 Ping

pdbcoco Brown

pdf2text MIT/X

pdfmajor MIT/X

pdfminer3 MIT/X

pdfminer-cython MIT/X

pdfminer-six MIT/X

pdfminer-six-i MIT/X

wojak ABSE

wolapp Virim

LIABILITY WHETHER IN AN ACTION OF CONTRACT TORT OR OTHERWISE ARISING
 FROM OUT OF OR IN CONNECTION WITH THE SOFTWARE OR THE USE OR OTHER


wordvecpy All yours bro

workfront-bridge bridgecorp

worlddata WorldData

LIABILITY WHETHER IN AN ACTION OF CONTRACT TORT OR OTHERWISE ARISING FROM
 OUT OF OR IN CONNECTION WITH THE SOFTWARE OR THE USE OR OTHER DEALINGS IN


wscore MIL

wsgi-lite ASF

wx-data-jq ABC

ANY THEORY OF LIABILITY WHETHER IN CONTRACT STRICT LIABILITY OR TORT
 INCLUDING NEGLIGENCE OR OTHERWISE ARISING IN ANY WAY OUT OF THE USE OF THIS


ANY THEORY OF LIABILITY WHETHER IN CONTRACT STRICT LIABILITY OR TORT
 INCLUDING NEGLIGENCE OR OTHERWISE ARISING IN ANY WAY OUT OF THE USE OF THIS


xenoglossia kindest

xertocsv Constantin Tcacenco

xesrepair NEU

xlsxdiff MIT/Expat

xmlcsvjsonconvert Dag

ANY THEORY OF LIABILITY WHETHER IN CONTRACT STRICT LIABILITY OR TORT
 INCLUDING NEGLIGENCE OR OTHERWISE ARISING IN ANY WAY OUT OF THE USE OF THIS


xstatic-abrilfatface same as AbrilFatFace

xstatic-adminlte same as AdminLTE

xstatic-angular-animate same as Angular-Animate

xstatic-angular-cookies same as Angular-Cookies

xstatic-angular-irdragndrop same as IrDragNDrop

xstatic-angular-mock same as Angular-Mock

xstatic-angular-sanitize same as Angular-Sanitize

xstatic-angular-ui same as angular-ui

xstatic-anywikidraw same as AnyWikiDraw

xstatic-asap same as Asap

xstatic-asciinema-player same as asciinema-player

xstatic-bootbox same as Bootbox

xstatic-bootstrap same as Bootstrap

xstatic-bootstrap-datepicker same as Bootstrap-Datepicker

xstatic-bootstraptags same as BootstrapTags

xstatic-bootstraptagsinput same as BootstrapTagsInput

xstatic-browser-update same as browser-update

xstatic-chart-js same as Chart.js

xstatic-chartnew-js same as ChartNew.js

xstatic-chosen same as Chosen

xstatic-ckeditor same as CKEditor

xstatic-dagre same as Dagre

xstatic-datatables same as DataTables

xstatic-fullcalendar same as fullcalendar

xstatic-graphlib same as Graphlib

xstatic-hogan same as Hogan

xstatic-html5shiv same as html5shiv

xstatic-josefinsans same as JosefinSans

xstatic-jquery same as jQuery

xstatic-jquery-bootstrap-wizard same as JQuery.Bootstrap.Wizard

xstatic-jquery-colourpicker same as jquery-colourpicker

xstatic-jquery-file-upload same as jQuery-File-Upload

xstatic-jquery-migrate same as JQuery-Migrate

xstatic-jquery-quicksearch same as JQuery.quicksearch

xstatic-jquery-tablesorter same as JQuery.TableSorter

xstatic-jquery-ui same as jquery-ui

xstatic-jreject same as jReject

xstatic-json-js same as JSON-js

xstatic-less same as less

xstatic-lodash same as lodash

xstatic-magic-search same as Magic-Search

xstatic-markitup same as MarkitUp

xstatic-mathjax same as MathJax

xstatic-mobx same as mobx

xstatic-moment same as moment

xstatic-moment-timezone same as Moment-Timezone

xstatic-multidownload same as multiDownload

xstatic-opensans same as OpenSans

xstatic-pygments same as Pygments

xstatic-qunit same as QUnit

xstatic-react same as React

xstatic-requirejs same as RequireJS

xstatic-rickshaw same as Rickshaw

xstatic-smart-table same as smart-table

xstatic-socialshareprivacy same as socialshareprivacy

xstatic-spin same as Spin

xstatic-svg-edit-moin same as svg-edit-moin

xstatic-svgweb same as svgweb

xstatic-tablesorter-mottie same as Tablesorter-Mottie

xstatic-term-js same as term.js

xstatic-twikidraw-moin same as TWikiDraw-moin

xstatic-underscore same as underscore

xymon Don’t Be a Dick

LIABILITY WHETHER IN AN ACTION OF CONTRACT TORT OR OTHERWISE ARISING FROM
 OUT OF OR IN CONNECTION WITH THE SOFTWARE OR THE USE OR OTHER DEALINGS IN


LIABILITY OR TORT INCLUDING NEGLIGENCE OR OTHERWISE ARISING IN ANY WAY
 OUT OF THE USE OF THIS SOFTWARE EVEN IF ADVISED OF THE POSSIBILITY OF


yatel WISKEY-WARE

yayi Boost

ycpiptest NEU

yonwog yon

youtube-mp3 MIT/X11

CAUSED AND ON ANY THEORY OF LIABILITY WHETHER IN CONTRACT STRICT LIABILITY
 OR TORT INCLUDING NEGLIGENCE OR OTHERWISE ARISING IN ANY WAY OUT OF THE USE


ytiny GUN

LIABILITY WHETHER IN AN ACTION OF CONTRACT TORT OR OTHERWISE ARISING FROM
 OUT OF OR IN CONNECTION WITH THE SOFTWARE OR THE USE OR OTHER DEALINGS IN


y-w SJSU

zakuro-ai ZakuroAI

zbridge Geomod

zc-recipe-script ZVSL

LIABILITY WHETHER IN AN ACTION OF CONTRACT TORT OR OTHERWISE ARISING FROM
 OUT OF OR IN CONNECTION WITH THE SOFTWARE OR THE USE OR OTHER DEALINGS IN


ON ANY THEORY OF LIABILITY WHETHER IN CONTRACT STRICT LIABILITY OR TORT
 INCLUDING NEGLIGENCE OR OTHERWISE ARISING IN ANY WAY OUT OF THE USE OF THIS


zgl contact developer

LIABILITY WHETHER IN AN ACTION OF CONTRACT TORT OR OTHERWISE ARISING FROM
 OUT OF OR IN CONNECTION WITH THE SOFTWARE OR THE USE OR OTHER DEALINGS IN


usrv Cpyright 2020 - 2021 THOORENS Bruno

utaufile Mulan

validate-parameters 58ganji

vanguards MIT/Expat

varblez1-stage-a dont

vd42-openpyxl MIT/Expat

veb MIT/X

OTHER DEALINGS IN THE SOFTWARE.
 


CAUSED AND ON ANY THEORY OF LIABILITY WHETHER IN CONTRACT STRICT LIABILITY
 OR TORT INCLUDING NEGLIGENCE OR OTHERWISE ARISING IN ANY WAY OUT OF THE USE


vfm-irp-acse9 xxxxxxxxxxxxxxxxxxxxxxxxxxxx

vinorm AILAB

viphoneme AILAB

visualize-logs CC BY-SA

LIABILITY WHETHER IN AN ACTION OF CONTRACT TORT OR OTHERWISE ARISING FROM
 OUT OF OR IN CONNECTION WITH THE SOFTWARE OR THE USE OR OTHER DEALINGS IN


vkinline Anti 996

vmerlin Vmware Ltd

vmush 

vnc2flv MIT/X

voicenet UIT

volatility3 VSL

vonk Do whatever you want dont blame me

voxrow MS-RSL

vt For fun :

vta WOODONGGYU

vtiger-cloudsdk-restapi VPL

vxcube-api Dr.Web

WHATSOEVER RESULTING FROM LOSS OF USE DATA OR PROFITS WHETHER IN AN
 ACTION OF CONTRACT NEGLIGENCE OR OTHER TORTIOUS ACTION ARISING OUT OF


wagtail-inventory CCO

wagtail-sharing CCO

WHETHER IN AN ACTION OF CONTRACT TORT OR OTHERWISE ARISING
 FROM OUT OF OR IN CONNECTION WITH THE SOFTWARE OR THE USE OR


OTHER LIABILITY WHETHER IN AN ACTION OF CONTRACT TORT OR
 OTHERWISE ARISING FROM OUT OF OR IN CONNECTION WITH THE


warport OLP

WHETHER IN AN ACTION OF CONTRACT TORT OR OTHERWISE ARISING
 FROM OUT OF OR IN CONNECTION WITH THE SOFTWARE OR THE USE OR


ANY THEORY OF LIABILITY WHETHER IN CONTRACT STRICT LIABILITY OR TORT
 INCLUDING NEGLIGENCE OR OTHERWISE ARISING IN ANY WAY OUT OF THE USE OF THIS


WHETHER IN AN ACTION OF CONTRACT TORT OR OTHERWISE ARISING
 FROM OUT OF OR IN CONNECTION WITH THE SOFTWARE OR THE USE OR


ANY THEORY OF LIABILITY WHETHER IN CONTRACT STRICT LIABILITY OR TORT
 INCLUDING NEGLIGENCE OR OTHERWISE ARISING IN ANY WAY OUT OF THE USE OF THIS


ANY THEORY OF LIABILITY WHETHER IN CONTRACT STRICT LIABILITY OR TORT
 INCLUDING NEGLIGENCE OR OTHERWISE ARISING IN ANY WAY OUT OF THE USE OF THIS


WHETHER IN AN ACTION OF CONTRACT TORT OR OTHERWISE ARISING
 FROM OUT OF OR IN CONNECTION WITH THE SOFTWARE OR THE USE OR


ANY THEORY OF LIABILITY WHETHER IN CONTRACT STRICT LIABILITY OR TORT
 INCLUDING NEGLIGENCE OR OTHERWISE ARISING IN ANY WAY OUT OF THE USE OF THIS


WHETHER IN AN ACTION OF CONTRACT TORT OR OTHERWISE ARISING
 FROM OUT OF OR IN CONNECTION WITH THE SOFTWARE OR THE USE OR


ANY THEORY OF LIABILITY WHETHER IN CONTRACT STRICT LIABILITY OR TORT
 INCLUDING NEGLIGENCE OR OTHERWISE ARISING IN ANY WAY OUT OF THE USE OF THIS


ANY THEORY OF LIABILITY WHETHER IN CONTRACT STRICT LIABILITY OR TORT
 INCLUDING NEGLIGENCE OR OTHERWISE ARISING IN ANY WAY OUT OF THE USE OF THIS


WHETHER IN AN ACTION OF CONTRACT TORT OR OTHERWISE ARISING
 FROM OUT OF OR IN CONNECTION WITH THE SOFTWARE OR THE USE OR


WHETHER IN AN ACTION OF CONTRACT TORT OR OTHERWISE ARISING
 FROM OUT OF OR IN CONNECTION WITH THE SOFTWARE OR THE USE OR


ANY THEORY OF LIABILITY WHETHER IN CONTRACT STRICT LIABILITY OR TORT
 INCLUDING NEGLIGENCE OR OTHERWISE ARISING IN ANY WAY OUT OF THE USE OF THIS


ANY THEORY OF LIABILITY WHETHER IN CONTRACT STRICT LIABILITY OR TORT
 INCLUDING NEGLIGENCE OR OTHERWISE ARISING IN ANY WAY OUT OF THE USE OF THIS


ANY THEORY OF LIABILITY WHETHER IN CONTRACT STRICT LIABILITY OR TORT
 INCLUDING NEGLIGENCE OR OTHERWISE ARISING IN ANY WAY OUT OF THE USE OF THIS


ANY THEORY OF LIABILITY WHETHER IN CONTRACT STRICT LIABILITY OR TORT
 INCLUDING NEGLIGENCE OR OTHERWISE ARISING IN ANY WAY OUT OF THE USE OF THIS


ANY THEORY OF LIABILITY WHETHER IN CONTRACT STRICT LIABILITY OR TORT
 INCLUDING NEGLIGENCE OR OTHERWISE ARISING IN ANY WAY OUT OF THE USE OF THIS


ANY THEORY OF LIABILITY WHETHER IN CONTRACT STRICT LIABILITY OR TORT
 INCLUDING NEGLIGENCE OR OTHERWISE ARISING IN ANY WAY OUT OF THE USE OF THIS


ANY THEORY OF LIABILITY WHETHER IN CONTRACT STRICT LIABILITY OR TORT
 INCLUDING NEGLIGENCE OR OTHERWISE ARISING IN ANY WAY OUT OF THE USE OF THIS


WHETHER IN AN ACTION OF CONTRACT TORT OR OTHERWISE ARISING
 FROM OUT OF OR IN CONNECTION WITH THE SOFTWARE OR THE USE OR


wax 

webbuild Testing Only

webstemmer MIT/X

LIABILITY WHETHER IN AN ACTION OF CONTRACT TORT OR OTHERWISE ARISING FROM
 OUT OF OR IN CONNECTION WITH THE SOFTWARE OR THE USE OR OTHER DEALINGS IN


wechatspider http://web.pxuexiao.com

weeblycloud Weebly

wfzdy-pyrdt dingyan

LIABILITY WHETHER IN AN ACTION OF CONTRACT TORT OR OTHERWISE ARISING FROM
 OUT OF OR IN CONNECTION WITH THE SOFTWARE OR THE USE OR OTHER DEALINGS IN


The views and conclusions contained in the software and documentation are those
 of the authors and should not be interpreted as representing official policies 


ANY THEORY OF LIABILITY WHETHER IN CONTRACT STRICT LIABILITY OR TORT
 INCLUDING NEGLIGENCE OR OTHERWISE ARISING IN ANY WAY OUT OF THE USE OF THIS


wikia-dstk Other

Phone:+2296842 8015
 Email: departmento825@gmail.com


CAUSED AND ON ANY THEORY OF LIABILITY WHETHER IN CONTRACT STRICT LIABILITY 
 OR TORT INCLUDING NEGLIGENCE OR OTHERWISE ARISING IN ANY WAY OUT OF THE USE 


wirelesstag Open Source

WHATSOEVER RESULTING FROM LOSS OF USE DATA OR PROFITS WHETHER IN AN
 ACTION OF CONTRACT NEGLIGENCE OR OTHER TORTIOUS ACTION ARISING OUT OF


newsextractor RoryXiang

ON ANY THEORY OF LIABILITY WHETHER IN CONTRACT STRICT LIABILITY OR TORT
 INCLUDING NEGLIGENCE OR OTHERWISE ARISING IN ANY WAY OUT OF THE USE OF THIS


ngasubgmm c Silvia Mazzoni

ngasubgmmcoeffskbcg20post c Silvia Mazzoni

ngsequtils CCBY

nikipy2021 2Lriioai

nimingcypher CC ANCSA 4.0

nlp-services Other

nnbuilder aeloyq

nodebook Stitch Fix 2018

nomun-khet-rpigui NK llc

nov IPVL

novalide Genetalks

num-calculus -

nyan-logger FU

o2despy NUS

CAUSED AND ON ANY THEORY OF LIABILITY WHETHER IN CONTRACT STRICT LIABILITY 
 OR TORT INCLUDING NEGLIGENCE OR OTHERWISE ARISING IN ANY WAY OUT OF THE USE 


The views and conclusions contained in the software and documentation are those of the
 authors and should not be interpreted as representing official policies either expressed


morningstarautotestingframework All Data Production/API QA team member use

mosaic-nist US Government Open Source

motion-imitation mixed

THEORY OF LIABILITY WHETHER IN CONTRACT STRICT LIABILITY OR TORT
 INCLUDING NEGLIGENCE OR OTHERWISE ARISING IN ANY WAY OUT OF THE USE


mqtool BussanQ

mselair-aisc MFMER

ms-querytool MS

mu2e NU

ARISING FROM OUT OF OR IN CONNECTION WITH THE SOFTWARE OR THE USE OR
 OTHER DEALINGS IN THE SOFTWARE.


munch-mailsend 0.1.2

LIABILITY WHETHER IN AN ACTION OF CONTRACT TORT OR OTHERWISE ARISING FROM
 OUT OF OR IN CONNECTION WITH THE SOFTWARE OR THE USE OR OTHER DEALINGS IN


music-score 七分诚意

mvt MVT

mxnet-octave-conv Anti 996

my-demo-617-20201114-03 JD

my-demo-617-20201114-04 JD

my-demo-617-20201114-05 JD

my-demo-617-20201114-06 JD

my-demo-617-202013 JDJD

This product includes software developed by and/or derived from the Access
 Grid Project http://www.accessgrid.org to which the U.S. Government retains


myselfutilsyjl 不知道是啥

mysociety-django-popolo Affero

WHATSOEVER RESULTING FROM LOSS OF USE DATA OR PROFITS WHETHER IN AN
 ACTION OF CONTRACT NEGLIGENCE OR OTHER TORTIOUS ACTION ARISING OUT OF


THEORY OF LIABILITY WHETHER IN CONTRACT STRICT LIABILITY OR TORT
 INCLUDING NEGLIGENCE OR OTHERWISE ARISING IN ANY WAY OUT OF THE USE


THEORY OF LIABILITY WHETHER IN CONTRACT STRICT LIABILITY OR TORT
 INCLUDING NEGLIGENCE OR OTHERWISE ARISING IN ANY WAY OUT OF THE USE


ADVISED OF THE POSSIBILITY OF SUCH DAMAGE.
 


nester-fh Study

ok ok

ANY THEORY OF LIABILITY WHETHER IN CONTRACT STRICT LIABILITY OR TORT
 INCLUDING NEGLIGENCE OR OTHERWISE ARISING IN ANY WAY OUT OF THE USE OF THIS


LIABILITY WHETHER IN AN ACTION OF CONTRACT TORT OR OTHERWISE ARISING FROM
 OUT OF OR IN CONNECTION WITH THE SOFTWARE OR THE USE OR OTHER DEALINGS IN


LIABILITY WHETHER IN AN ACTION OF CONTRACT TORT OR OTHERWISE ARISING FROM
 OUT OF OR IN CONNECTION WITH THE SOFTWARE OR THE USE OR OTHER DEALINGS IN


piauthorizer Pandora Intelligence

picleaner Pandora Intelligence

picu MIT/X

pidecorators Pandora Intelligence

ping-cloud-utils 2021 Ping

pingpower-coolblue PIL

pinlog Savage

pintrace Savage

THEORY OF LIABILITY WHETHER IN CONTRACT STRICT LIABILITY OR TORT
 INCLUDING NEGLIGENCE OR OTHERWISE ARISING IN ANY WAY OUT OF THE USE


LIABILITY WHETHER IN AN ACTION OF CONTRACT TORT OR OTHERWISE ARISING FROM
 OUT OF OR IN CONNECTION WITH THE SOFTWARE OR THE USE OR OTHER DEALINGS IN


piratebay MIT/X

piston-msg nothing

pivot FIXME

pixelhouse CC-SA

pkgdemo-munzii 549099743@qq.com

pkmap Mozilla

LIABILITY WHETHER IN AN ACTION OF CONTRACT TORT OR OTHERWISE ARISING FROM
 OUT OF OR IN CONNECTION WITH THE SOFTWARE OR THE USE OR OTHER DEALINGS IN


plemp MIT/X

LIABILITY WHETHER IN AN ACTION OF CONTRACT TORT OR OTHERWISE ARISING FROM
 OUT OF OR IN CONNECTION WITH THE SOFTWARE OR THE USE OR OTHER DEALINGS IN


plonetheme-gemstone CC

plot MIT/X11

CAUSED AND ON ANY THEORY OF LIABILITY WHETHER IN CONTRACT STRICT LIABILITY
 OR TORT INCLUDING NEGLIGENCE OR OTHERWISE ARISING IN ANY WAY OUT OF THE USE


pluginconf PD

pmautotest RA

LIABILITY WHETHER IN AN ACTION OF CONTRACT TORT OR OTHERWISE ARISING FROM
 OUT OF OR IN CONNECTION WITH THE SOFTWARE OR THE USE OR OTHER DEALINGS IN


poopy WISKEY-WARE

portformer Astrocyte Research Inc

LIABILITY WHETHER IN CONTRACT STRICT LIABILITY OR TORT INCLUDING
 NEGLIGENCE OR OTHERWISE ARISING IN ANY WAY OUT OF THE USE OF THIS


powerbrickide c 2015 PSI

pptgen Gramener

pputils PJ

prancer-cli Propietary

prediction-module-poncheele FDS

prefepy Next Story Group Carsen Ball

prj-core NOTFOUND

probility-sequencing-language dual

probilty-sequencing-language dual not for resale without permission

profile-it MIT/X11

prog-algs NOSA

prog-models NOSA

LIABILITY WHETHER IN CONTRACT STRICT LIABILITY OR TORT INCLUDING NEGLIGENCE
 OR OTHERWISE ARISING IN ANY WAY OUT OF THE USE OF THIS SOFTWARE EVEN IF


project2020 UT

projectglass Winjit Technologies Pvt. Ltd

promptapp Closed

WHATSOEVER RESULTING FROM LOSS OF USE DATA OR PROFITS WHETHER IN AN
 ACTION OF CONTRACT NEGLIGENCE OR OTHER TORTIOUS ACTION ARISING OUT OF


prosrs University of Illinois/NCSA Open Source

mkdocs-boost boost

mlaut BDS

mlcore Gogoro Inc

ml-etl Gogoro Inc

mle-training-housing TA

mle-training-pack TA

LIABILITY WHETHER IN AN ACTION OF CONTRACT TORT OR OTHERWISE ARISING FROM
 OUT OF OR IN CONNECTION WITH THE SOFTWARE OR THE USE OR OTHER DEALINGS IN THE


mmchallenge MagicMakers

WHETHER IN AN ACTION OF CONTRACT TORT OR OTHERWISE ARISING
 FROM OUT OF OR IN CONNECTION WITH THE SOFTWARE OR THE USE OR


CAUSED AND ON ANY THEORY OF LIABILITY WHETHER IN CONTRACT STRICT LIABILITY
 OR TORT INCLUDING NEGLIGENCE OR OTHERWISE ARISING IN ANY WAY OUT OF THE USE


LIABILITY WHETHER IN AN ACTION OF CONTRACT TORT OR OTHERWISE ARISING FROM
 OUT OF OR IN CONNECTION WITH THE SOFTWARE OR THE USE OR OTHER DEALINGS IN THE


WHATSOEVER RESULTING FROM LOSS OF USE DATA OR PROFITS WHETHER IN AN
 ACTION OF CONTRACT NEGLIGENCE OR OTHER TORTIOUS ACTION ARISING OUT OF


model-catwalk BY DOWNLOADING catwalk PROGRAM YOU AGREE TO THE FOLLOWING TERMS OF USE:

modelstore Please refer to the readme

moinplugin-mathjax same as mathjax

mollyz3950 X

WHATSOEVER RESULTING FROM LOSS OF USE DATA OR PROFITS WHETHER IN AN
 ACTION OF CONTRACT NEGLIGENCE OR OTHER TORTIOUS ACTION ARISING OUT OF


mongoorm Anti 996

metaproj HNZY

metta-data BY DOWNLOADING metta-data PROGRAM YOU AGREE TO THE FOLLOWING TERMS OF USE:

microlab demo project

midiplot https://github.com/carlosholivan/midiplot

mindscope-utilities Allen Institute

 LIABILITY WHETHER IN AN ACTION OF CONTRACT TORT OR OTHERWISE ARISING FROM
  OUT OF OR IN CONNECTION WITH THE SOFTWARE OR THE USE OR OTHER DEALINGS IN


LIABLE FOR ANY CLAIM DAMAGES OR OTHER LIABILITY WHETHER IN AN ACTION
 OF CONTRACT TORT OR OTHERWISE ARISING FROM OUT OF OR IN CONNECTION


miniupnpc MiniUPnPc

OTHER DEALINGS IN THE SOFTWARE.
 


