output:xstatic-abrilfatface 404

output:xstatic-adminlte 404

output:xstatic-angular-animate 404

output:xstatic-angular-cookies 404

output:xstatic-angular-irdragndrop 404

output:xstatic-angular-mock 404

output:xstatic-angular-sanitize 404

output:xstatic-angular-ui 404

output:xstatic-anywikidraw 404

output:xstatic-asciinema-player 404

output:xstatic-bootbox 404

output:xstatic-bootstrap 

output:xstatic-bootstrap-datepicker 404

output:xstatic-bootstraptags 404

output:xstatic-bootstraptagsinput 404

output:xstatic-browser-update 404

output:xstatic-chart-js 404

output:xstatic-chartnew-js 404

output:xstatic-chosen 404

output:xstatic-ckeditor 404

output:xstatic-dagre 404

output:xstatic-datatables MIT

output:xstatic-fullcalendar 404

output:xstatic-hogan 404

output:xstatic-html5shiv 404

output:xstatic-josefinsans 404

output:xstatic-jquery MIT

output:xstatic-jquery-bootstrap-wizard 404

output:xstatic-jquery-colourpicker 404

output:xstatic-jquery-file-upload 404

output:xstatic-jquery-migrate 404

output:xstatic-jquery-quicksearch 404

output:xstatic-jquery-tablesorter 404

output:xstatic-jquery-ui 404

output:xstatic-jreject 404

output:xstatic-json-js 404

output:xstatic-magic-search 404

output:xstatic-markitup 404

output:xstatic-mathjax MIT

output:xstatic-mobx 404

output:xstatic-moment MIT

output:xstatic-moment-timezone 404

output:xstatic-multidownload MIT

output:xstatic-opensans 404

output:xstatic-qunit 404

output:xstatic-react 

output:xstatic-requirejs MIT

output:xstatic-smart-table 404

output:xstatic-socialshareprivacy 404

output:xstatic-svg-edit-moin 404

output:xstatic-svgweb 404

output:xstatic-tablesorter-mottie 404

output:xstatic-term-js 404

output:xstatic-twikidraw-moin 404

