qsdsan UIUC

LIABLE FOR ANY CLAIM DAMAGES OR OTHER LIABILITY WHETHER IN AN ACTION
 OF CONTRACT TORT OR OTHERWISE ARISING FROM OUT OF OR IN CONNECTION


LIABILITY WHETHER IN AN ACTION OF CONTRACT TORT OR OTHERWISE ARISING FROM
 OUT OF OR IN CONNECTION WITH THE SOFTWARE OR THE USE OR OTHER DEALINGS IN THE


LIABILITY WHETHER IN AN ACTION OF CONTRACT TORT OR OTHERWISE ARISING FROM
 OUT OF OR IN CONNECTION WITH THE SOFTWARE OR THE USE OR OTHER DEALINGS IN THE


quarchpy Quarch Technology ltd

qwertywerty NUS

qwertywerty123 NUS

qwertywertyerty12 NUS

LIABILITY WHETHER IN CONTRACT STRICT LIABILITY OR TORT INCLUDING NEGLIGENCE
 OR OTHERWISE ARISING IN ANY WAY OUT OF THE USE OF THIS SOFTWARE EVEN IF


radbelt NOSA

radicals Exadatum

rad-util MIT/X11

raga-practice-util TEST

randomstate NSCA

raptureapi Incapture Technologies LLC

raredecipher Hanwen

rask http://code.umgeher.org/fossil.cgi/rask/artifact/3b9a146264aed1f5

LIABILITY WHETHER IN AN ACTION OF CONTRACT TORT OR OTHERWISE ARISING FROM
 OUT OF OR IN CONNECTION WITH THE SOFTWARE OR THE USE OR OTHER DEALINGS IN


rctorch Harvard

reading-image Nihsko

readline0 UCI from UC Regents

recaptcha-appengine MIT/X11

recaptcha-client MIT/X11

rec-nester Open

 WHETHER IN AN ACTION OF CONTRACT TORT OR OTHERWISE ARISING
  FROM OUT OF OR IN CONNECTION WITH THE SOFTWARE OR THE USE OR


redis-queue-pyclj Eclipse

redwood 

LIABILITY WHETHER IN CONTRACT STRICT LIABILITY OR TORT INCLUDING NEGLIGENCE
 OR OTHERWISE ARISING IN ANY WAY OUT OF THE USE OF THIS SOFTWARE EVEN IF


repoze-who-plugins-beaker-tkt /

requests-flask-adapter MIT/Expat

LIABILITY WHETHER IN AN ACTION OF CONTRACT TORT OR OTHERWISE ARISING FROM
 OUT OF OR IN CONNECTION WITH THE SOFTWARE OR THE USE OR OTHER DEALINGS IN


WHATSOEVER RESULTING FROM LOSS OF USE DATA OR PROFITS WHETHER IN AN
 ACTION OF CONTRACT NEGLIGENCE OR OTHER TORTIOUS ACTION ARISING OUT OF


LIABILITY WHETHER IN AN ACTION OF CONTRACT TORT OR OTHERWISE ARISING FROM
 OUT OF OR IN CONNECTION WITH THE SOFTWARE OR THE USE OR OTHER DEALINGS IN


results-schema BY DOWNLOADING results-schema PROGRAM YOU AGREE TO THE FOLLOWING TERMS OF USE:

rfwtools JLab

LIABILITY WHETHER IN AN ACTION OF CONTRACT TORT OR OTHERWISE ARISING FROM 
 OUT OF OR IN CONNECTION WITH THE SOFTWARE OR THE USE OR OTHER DEALINGS IN 


ringbuffer MIT/X11

risefor-lobbying copyleft CC NC SA

roger-mbiama-assogo Linux Ubuntu

rohdeschwarz R

roian-fwk JWS

rquant Left blank and keep this file

rrice ICTLAB

rricebeta ICTLAB

rssd R

rticonnextdds-connector RTI

rtrtc Anti 996

ruigi Datails

run-doctest MIT/X11

ruv 0.1.5

CAUSED AND ON ANY THEORY OF LIABILITY WHETHER IN CONTRACT STRICT LIABILITY
 OR TORT INCLUDING NEGLIGENCE OR OTHERWISE ARISING IN ANY WAY OUT OF THE USE


sakura-ml ZakuroAI

LIABILITY WHETHER IN AN ACTION OF CONTRACT TORT OR OTHERWISE ARISING FROM
 OUT OF OR IN CONNECTION WITH THE SOFTWARE OR THE USE OR OTHER DEALINGS IN THE


CONTRACT STRICT LIABILITY OR TORT INCLUDING NEGLIGENCE OR OTHERWISE
 ARISING IN ANY WAY OUT OF THE USE OF THIS SOFTWARE EVEN IF ADVISED OF THE


sap-py-jwt SAP Developer

satang-pro sang_sakarin

saxton2006 cc_by_nc

scallopstogo Reserved

scb-payment sang_sakarin

sceb Stanford University

ON ANY THEORY OF LIABILITY WHETHER IN CONTRACT STRICT LIABILITY OR TORT
 INCLUDING NEGLIGENCE OR OTHERWISE ARISING IN ANY WAY OUT OF THE USE OF THIS


science-concierge Creative Common 4.0

score not open source

screenlamp {placeholder

scriptler /*

sc-tim AMSS

sd5gsim Duquesne

sdhpy SDH

sdllib see file

seat MIT/X11

secondmer TPL

CAUSED AND ON ANY THEORY OF LIABILITY WHETHER IN CONTRACT STRICT LIABILITY
 OR TORT INCLUDING NEGLIGENCE OR OTHERWISE ARISING IN ANY WAY OUT OF THE USE


semaphore BSL-1.1

semidiscrete1 Undecided

semidiscrete2 Undecided

semidiscrete3 Undecided

semidiscrete4 Undecided

sensei2 DB

sensores-gcba CC

sentinella ASF

sentinella-libvirt ASF

sentry BSL-1.1

sentry-notify-github-issues MTI

sentry-relay BSL-1.1

seqregression Hanwen

seqregressionmodels Hanwen

servermonitor ACN

servo ENDAVA

The views and conclusions contained in the software and documentation are those
 of the authors and should not be interpreted as representing official policies 


shavetadb http://sdgconsulting.biz.tc/

LIABILITY WHETHER IN AN ACTION OF CONTRACT TORT OR OTHERWISE ARISING FROM
 OUT OF OR IN CONNECTION WITH THE SOFTWARE OR THE USE OR OTHER DEALINGS IN THE


sh-powerpeak-predict SH

shsqlcheck SH

sh-weather-predict SH

WHATSOEVER RESULTING FROM LOSS OF USE DATA OR PROFITS WHETHER IN AN
 ACTION OF CONTRACT NEGLIGENCE OR OTHER TORTIOUS ACTION ARISING OUT OF


OTHER DEALINGS IN THE SOFTWARE.
 


sightseer ASF

silph-models other

simbench odbl

ANY THEORY OF LIABILITY WHETHER IN CONTRACT STRICT LIABILITY OR TORT
 INCLUDING NEGLIGENCE OR OTHERWISE ARISING IN ANY WAY OUT OF THE USE OF THIS


LIABILITY WHETHER IN AN ACTION OF CONTRACT TORT OR OTHERWISE ARISING FROM
 OUT OF OR IN CONNECTION WITH THE SOFTWARE OR THE USE OR OTHER DEALINGS IN


pgeg LINCESE

LIABILITY WHETHER IN CONTRACT STRICT LIABILITY OR TORT INCLUDING NEGLIGENCE
 OR OTHERWISE ARISING IN ANY WAY OUT OF THE USE OF THIS SOFTWARE EVEN IF


ocw-data-parser To be determined

