320186 zquant Left blank and keep this file

320532 zxs self

320541 zxynewpkgcheckupstream GPT

320589 zy zy-wkr

130089 jebpy NOTFOUND

130356 jetkit-flask ABRMS

130575 jieba-htsc seu

131328 job-client-graphql NO

131329 job-client-redis NO

131466 join-skew-data Undertone

131466 join-skew-data-p3 Undertone

254266 jojo I dedicate all my works here to all human beings

131488 joke861110 JIP Entertainment

132603 jsonnetworkstream General

133097 jtt-tm-utils maxwin

133278 jumgrafdash JUMBOTAIL

133282 jump2db Jilin University

133378 junsukbyun LGCNS

133481 jupyter-declarativewidgets BDS

134145 jwcf Aura

134148 jwedb Aura

134298 jzfp-conflict-mkt-title-demo JD617

134541 kafka-robot 2.3.2

138848 kale : released by Calama Consulting

134885 kanripo CC by SA

135037 karton LPGL 2.1 or later

135251 kce KCE

135833 keras-on-lstm Anti 996

135835 keras-ordered-neurons Anti 996

136014 ketoclient Check Access is allowed or not on given resources

136375 khal Expat/MIT

137539 knightswhosay BoNoBo

137643 knpackage University of Illinois Board of Trustees

137839 kolekti-server Affero

137870 kolo © Kolo

137900 komiker Dilindungi oleh Raja Iblis Merlin Lucifer

138007 kontol SEBARKAN

138007 kontol-cli SEBARKAN

138239 kount-access-sdk Kount

138240 kount-ris-sdk Kount

139327 kws-dash-infra kilowattsol

139336 kws-pipeline kilowattsol

139511 labelary-mwisslead specified using classifiers

139757 laim Hippocratic

141224 ldp-archive-mirror OVH SAS

141352 leap-ec Academic

141589 legal-regex-patterns Open

142499 libaws Genetalks

142602 libdetxr c 2013 PSI

143438 libzt BUSL 1.1

169834 lind 

145060 littlebear Hanyu

145161 livecricketscore Manvenddra

145262 livr look into README

145327 lkh DBAD

145413 lluser GUN

145505 lmselfie licencia

146801 loong GLP

147531 ltp-eval LTP

147536 ltp-training LTP

147543 ltrhieu1994 BKU

147554 ltst-noodles MITnoodles

    luban: a generic user interface language
      Jiao Lin and Michael Aivazis unpublished


