110014 go-ml-core Gogoro Inc

110711 gorpyter WXNC

110931 gphoton AURA

111509 grandmasomsri Somsri

111691 graphextract cc_by_nc

111776 graphkernels ETH Zurich

112089 greasepaint CC-SA

112332 greyskull MIT/ISC

112511 grizzled 0.9.4

112780 grpc-robot 2.9.3

112827 gruetils DBADPL

113262 gtimes Icelandic Met Office

113500 guiblox R

113823 gwc-viacom GWC

113879 gwsecm c ADP LLC

114178 gython 

114472 hadapi Property of HERE

114482 hadmlservices Property of HERE

114482 hadmlservices-eval Property of HERE

115213 harishspider HarishVadde

115605 hatt-add-on 1.0.1

116693 hello-pypi-world as it it is important :

117218 herming JUST

117540 hgapi Do whatever you want dont blame me

117736 hid-converge Thermofisher Scientific

117735 hid-converge-batch Thermofisher Scientific

117736 hid-converge-ngs Thermofisher Scientific

118331 hkobservatory TL

118435 hm-auth GUN

118486 h-modbus JUST

118619 hodor hodor

118658 holder - not entered yet -

119233 hotword-detection IITB

119278 houstonj2013-ml selfie

119395 hplawson test

120108 httpkie CC BY

121116 hydrophis meituan

121135 hydrotools USDOC

121129 hydrotools-caches USDOC

121130 hydrotools-events USDOC

121131 hydrotools-gcp-client USDOC

121133 hydrotools-nwis-client USDOC

121134 hydrotools-nwm-client USDOC

121135 hydrotools-restclient USDOC

121367 hyperspectral Science

122130 icetea R ARM

122319 id3tree TEST

122403 idealib MI

122688 ies GoPIPA

122768 ifn-parser dual

122797 iftpy Mulan

123211 iloveig v0.1.0 2017.07.13 -- Initial release

123212 ilovejkf v0.1.0 2017.07.13 -- Initial release

123215 ilovetim v0.1.0 2017.07.13 -- Initial release

123264 image-app MITT

123846 img-percent-diff CC

317867 indexer LCL

124672 indico-fonts Several

125248 initclass-tamil Grundfos

125264 initpro Aparch

125623 inspy-logger WTFYW

125626 inspyred-print WTFYW

125662 instafilter CC-SA

125860 instrument-server R

126299 into-cps-dtp INTO-CPS

126362 int-to-byte BMSTU

126523 inverseproblem Vasilaky

126653 iobjectspy SuperMap

126940 iotoutlier1 xxx

The views and conclusions contained in the software and documentation are those
 of the authors and should not be interpreted as representing official policies


127958 is-baseutils Sciencelogic Inc

128002 is-common Sciencelogic Inc

128007 is-content Sciencelogic Inc

128024 isdc-geoaccessibility iMMAP

128025 isdc-geoavalanche iMMAP

128026 isdc-geobaseline iMMAP

128029 isdc-geopanel iMMAP

128233 isocirc GLP

128426 is-syncpack-advanced-operators Sciencelogic Inc

128427 is-syncpack-base-steps Sciencelogic Inc

128428 is-syncpack-cherwell Sciencelogic Inc

128429 is-syncpack-servicenow-base Sciencelogic Inc

128430 is-syncpack-servicenow-case Sciencelogic Inc

128432 is-syncpack-servicenow-cmdb Sciencelogic Inc

128433 is-syncpack-servicenow-events Sciencelogic Inc

128434 is-syncpack-servicenow-incident Sciencelogic Inc

128435 is-syncpack-system-utils Sciencelogic Inc

128960 ivolve-cloud7-logger iVolve

129935 jcalc Academic

