35482 cheetajwt MIS

37186 cjl-test HUST

39772 cmdb-supplement-syncpack Sciencelogic Inc

20195 barry-energy-api LICENS

20339 basemap-jim update soon

20873 bayes-on-redis havent decided

20921 bayrell Лицензия на программу для ЭВМ Байрель

20913 bayrell-aio Лицензия на программу для ЭВМ Байрель

21113 bcdamenu c 2009-2019 UChicago Argonne LLC

21666 becas CC-BY-NC

23234 biketrauma-essba BIOSTAT

23716 binx-og-image-generator restricted

23786 biocertainty Wilkinson Laboratory

23814 biodocks UCI

24282 bitbucket-buildstatus commerial

24453 bitkub sang_sakarin

152970 mdiblasiofunniest dibs

30131 ca-apm-agent See package description

30989 cammackr1-stage-a Robby

31936 cased BSL 1.1

32863 cdasws NOSA

32925 cdisc-endtoend Buyer BeSoftware

33199 cead liyc

34249 cftpl c 2014 HIT Information-Control GmbH

34273 cgadmin MIP

279359 chard blah blah blah

35303 checkio IFOOTH

25642 bluesearch -

25681 bluewhale3-bluewhale BlueWhale

25895 bnclient Blade Network Technologies

26467 bonoboapi 

27683 brainerybytes c Silvia Mazzoni

28481 bs4-for-aiogram No

29092 building-controller-forecast BuildingsIOT

29455 burlslamtec tempkakao

29456 burltnw tnw

* Sponsored by Ma Foi Academy
 *

29684 bw2qsd UIUC

29707 bwb QPL.txt

29803 bymtesting Bym-developers

