WHATSOEVER RESULTING FROM LOSS OF USE, DATA OR PROFITS, WHETHER IN AN
 ACTION OF CONTRACT, NEGLIGENCE OR OTHER TORTIOUS ACTION, ARISING OUT OF


mathcome Mathcome

mathhero JSP

mathjspy MIT/Expat

matrix-architect BY DOWNLOADING architect PROGRAM YOU AGREE TO THE FOLLOWING TERMS OF USE:

matrix-package IPCMS

The above copyright notice and this permission notice shall be included in all copies or substantial portions of the Software.
 


mailscraper JaleelBasha

maltfy COPYING

mamba MIT/X11

mamba-django MIT/X11

ANY THEORY OF LIABILITY, WHETHER IN CONTRACT, STRICT LIABILITY, OR TORT
 (INCLUDING NEGLIGENCE OR OTHERWISE) ARISING IN ANY WAY OUT OF THE USE OF THIS


manual-de-py2exe-en-espa-ol CC

1os OpenBSV

4cdl Free4All

markdown-generator Copyright (c) 2017, Corey McCandless

abox see file

abr1k0s Open

mestr ISCL

metabaseutils CC BY-SA

The above copyright notice and this permission notice shall be included in all copies or substantial portions of the Software.
 


mepcocalc Mepco

mercurius-restful-api-client-library Copyright C 2019 Majormode

mergeall Provided freely but with no warranties of any kind.  Redistributions are welcome but must include this packages Readme.html and the packages docs subfolder in their entirety and unaltered.  Read the Usage Warning in this packages Readme.html before using this system as it changes data in-place by design

mdp https://raw.githubusercontent.com/mdp-toolkit/mdp-toolkit/master/COPYRIGHT

mechanizeretry Mike Timm - mtimm@tetrationanalytics.com

LIABLE FOR ANY CLAIM DAMAGES OR OTHER LIABILITY WHETHER IN AN ACTION
 OF CONTRACT TORT OR OTHERWISE ARISING FROM OUT OF OR IN CONNECTION


meep Do whatever you want don't blame me

meeseeks Buy snare a beer

megazord Sofnext

actionserver CC by Josueh

aa aa

