sip SIP

sites 

sixs Undecided

slgaas-cli Eclipse

slycat-web-client Sandia

smartbetaapi Amundi

snpmatch GMI

soakubot see repo

socketio-pg ABRMS

songrecognition Manvenddra

sorbcrawler N/A

sorting-limo Sebastià L

sparked MIT/X

tao TAO

tarfile-scanner open source

targen Open Source

tarot-cards standard

tarsier NDA

task-allocator To the Author

tcprint MIT.txt

teeraphancha Teeraphancha

tellsticknet 

telnetsrvlib LGPG

tembodb MIT/WTFPL

tensorrt WTF

terraai-preprocessing TerraAI

testclw hello

testflask1 Apple

testingtestin123 NUS

testlinktests NOTFOUND

test-minho POSTECH

test-mm MM

textarbeit CC BY

texttoneenc -

tf-cop ys-tydy

thaibulksms-api thaibulksms

thailandpost-track sang_sakarin

themis-docs ABRMS

therpy Open Source

thikuzhal Mepco

thirukuzhal Mepco

thp-sensing IISERm

thriftplus All right reserved

thrustrtc Anti 996

thundercloud BS

ticketing-achange achange

tikotmusicaly TikOt Producy

tiktokproj Home

timechop BY DOWNLOADING timechop PROGRAM YOU AGREE TO THE FOLLOWING TERMS OF USE:

tltools Not to be used by anyone

tmqc LGPT

tngems-aorta TBA

tnthai Thinknet

sparkling CSLO

sparser MIT/X

sphinx-boost boost

sphinx-cea-theme CeCCIL

spired Serenity Studio

splitta c 2009 Dan Gillick

spoef Open Source

spritemapper MIT/X11

spyre LPGL

sqlpandas VijayLingam

sqnomad LPGL

sscws NOSA

sshch DWTWL 2.55

sshkeydistribut0r CC BY

ssl-scanner BPUT

stahmctest DUKE

strictly-metric Strictly By The Numbers

stringcompare 

stringine LIECENSE

subarray TN

subcmd 

subhodatastructure Open Source

The views and conclusions contained in the software and documentation are those
 of the authors and should not be interpreted as representing official policies 


sucrose Diaphel

sudokusensei CC4

suds2 specified using classifiers

suds-aop specified using classifiers

suds-community specified using classifiers

suds-jurko specified using classifiers

suds-lxml specified using classifiers

suds-mwisslead specified using classifiers

suds-philpem specified using classifiers

suds-vingd specified using classifiers

sudz specified using classifiers

sunghan-dbcheck SH

sunniest Apple

supra Creative Common

surpy Prince of Songkla University

sviewgui SojiroFukuda

swabber NC

swagdog fangmin0325

swapdate VijayLingam

switchio Mozilla

switchy Mozilla

sycutestlib SYCU

syncitall IIT

roam-to-git Matthieu Bizien <oao2005@gmail.com>

