pshello ICICI

ON ANY THEORY OF LIABILITY WHETHER IN CONTRACT STRICT LIABILITY OR TORT
 INCLUDING NEGLIGENCE OR OTHERWISE ARISING IN ANY WAY OUT OF THE USE OF THIS


p-test UT

pthread-event boost

CLAIM DAMAGES OR OTHER LIABILITY WHETHER IN AN ACTION OF CONTRACT
 TORT OR OTHERWISE ARISING FROM OUT OF OR IN CONNECTION WITH THE


CLAIM DAMAGES OR OTHER LIABILITY WHETHER IN AN ACTION OF CONTRACT
 TORT OR OTHERWISE ARISING FROM OUT OF OR IN CONNECTION WITH THE


pulse2percept new BDS

WHATSOEVER RESULTING FROM LOSS OF USE DATA OR PROFITS WHETHER IN AN
 ACTION OF CONTRACT NEGLIGENCE OR OTHER TORTIOUS ACTION ARISING OUT OF


py139813 UT

py139814 UT

py139815 UT

py2048 BFD

py2c2p sang_sakarin

py2exe MIT/X11

py3-libldap DWTFYWT

ANY THEORY OF LIABILITY WHETHER IN CONTRACT STRICT LIABILITY OR TORT
 INCLUDING NEGLIGENCE OR OTHERWISE ARISING IN ANY WAY OUT OF THE USE OF THIS


pyaimp DBAD

pyapep PNU_Seongbin_Ga

LIABILITY WHETHER IN AN ACTION OF CONTRACT TORT OR OTHERWISE ARISING FROM
 OUT OF OR IN CONNECTION WITH THE SOFTWARE OR THE USE OR OTHER DEALINGS IN THE


pyatomdb Smithsonian

pyats-image-builder Cisco Systems Inc. Cisco Confidential

pyautd3 See https://github.com/shinolab/pyautd

LIABILITY WHETHER IN AN ACTION OF CONTRACT TORT OR OTHERWISE ARISING FROM
 OUT OF OR IN CONNECTION WITH THE SOFTWARE OR THE USE OR OTHER DEALINGS IN


pybsn ECLIPSE

pyc2e To be determined

pycachedb Savage

pycarddav Expat/MIT

pycarol TOTVS

pycf UCAR/Unidata

ANY THEORY OF LIABILITY WHETHER IN CONTRACT STRICT LIABILITY OR TORT
 INCLUDING NEGLIGENCE OR OTHERWISE ARISING IN ANY WAY OUT OF THE USE OF THIS


LIABILITY WHETHER IN AN ACTION OF CONTRACT TORT OR OTHERWISE ARISING FROM
 OUT OF OR IN CONNECTION WITH THE SOFTWARE OR THE USE OR OTHER DEALINGS IN


WHATSOEVER RESULTING FROM LOSS OF USE DATA OR PROFITS WHETHER IN AN
 ACTION OF CONTRACT NEGLIGENCE OR OTHER TORTIOUS ACTION ARISING OUT OF


LIABILITY WHETHER IN AN ACTION OF CONTRACT TORT OR OTHERWISE ARISING FROM
 OUT OF OR IN CONNECTION WITH THE SOFTWARE OR THE USE OR OTHER DEALINGS IN THE


pycv2 WTF

CLAIM DAMAGES OR OTHER LIABILITY WHETHER IN AN ACTION OF CONTRACT
 TORT OR OTHERWISE ARISING FROM OUT OF OR IN CONNECTION WITH THE


WHATSOEVER RESULTING FROM LOSS OF USE DATA OR PROFITS WHETHER IN AN
 ACTION OF CONTRACT NEGLIGENCE OR OTHER TORTIOUS ACTION ARISING OUT OF


pydoctor MIT/X11

WHETHER IN AN ACTION OF CONTRACT TORT OR OTHERWISE 
 ARISING FROM OUT OF OR IN CONNECTION WITH THE SOFTWARE OR THE 


CAUSED AND ON ANY THEORY OF LIABILITY WHETHER IN CONTRACT STRICT LIABILITY
 OR TORT INCLUDING NEGLIGENCE OR OTHERWISE ARISING IN ANY WAY OUT OF THE USE


LIABLE FOR ANY CLAIM DAMAGES OR OTHER LIABILITY WHETHER IN AN ACTION
 OF CONTRACT TORT OR OTHERWISE ARISING FROM OUT OF OR IN CONNECTION


LIABLE FOR ANY CLAIM DAMAGES OR OTHER LIABILITY WHETHER IN AN ACTION
 OF CONTRACT TORT OR OTHERWISE ARISING FROM OUT OF OR IN CONNECTION


LIABLE FOR ANY CLAIM DAMAGES OR OTHER LIABILITY WHETHER IN AN ACTION
 OF CONTRACT TORT OR OTHERWISE ARISING FROM OUT OF OR IN CONNECTION


LIABLE FOR ANY CLAIM DAMAGES OR OTHER LIABILITY WHETHER IN AN ACTION
 OF CONTRACT TORT OR OTHERWISE ARISING FROM OUT OF OR IN CONNECTION


LIABLE FOR ANY CLAIM DAMAGES OR OTHER LIABILITY WHETHER IN AN ACTION
 OF CONTRACT TORT OR OTHERWISE ARISING FROM OUT OF OR IN CONNECTION


pyexcelios MIT/Expat

LIABILITY WHETHER IN AN ACTION OF CONTRACT TORT OR OTHERWISE ARISING FROM
 OUT OF OR IN CONNECTION WITH THE SOFTWARE OR THE USE OR OTHER DEALINGS IN THE


LIABILITY WHETHER IN CONTRACT STRICT LIABILITY OR TORT INCLUDING
 NEGLIGENCE OR OTHERWISE ARISING IN ANY WAY OUT OF THE USE OF THIS


pyfont MITT

output:pyfov 404

pygccxml Boost

pygereference CC BY ND

LIABLE FOR ANY CLAIM DAMAGES OR OTHER LIABILITY WHETHER IN AN ACTION
 OF CONTRACT TORT OR OTHERWISE ARISING FROM OUT OF OR IN CONNECTION


CONTRACT STRICT LIABILITY OR TORT INCLUDING NEGLIGENCE OR OTHERWISE 
 ARISING IN ANY WAY OUT OF THE USE OF THIS SOFTWARE EVEN IF ADVISED OF THE 


pykemen Eiup

LIABILITY WHETHER IN AN ACTION OF CONTRACT TORT OR OTHERWISE ARISING FROM
 OUT OF OR IN CONNECTION WITH THE SOFTWARE OR THE USE OR OTHER DEALINGS IN


pylink-core NEU

pylink-core-test NEU

pylint-boxwisemaatwerk CLOSED

pylle Open

pymas Still to be determined

pymicrotops BSC

pymissingdata Harvard University

pymush 

LIABILITY WHETHER IN AN ACTION OF CONTRACT TORT OR OTHERWISE ARISING FROM
 OUT OF OR IN CONNECTION WITH THE SOFTWARE OR THE USE OR OTHER DEALINGS IN


pynder Tequila-ware Rev.44

pyntch MIT/X

pyokapi http://www.okapi.pub/about.html

pyoscode oscode

pyost LGPG

pypdx-clausewitz PyPDX

LIABILITY WHETHER IN AN ACTION OF CONTRACT TORT OR OTHERWISE ARISING FROM
 OUT OF OR IN CONNECTION WITH THE SOFTWARE OR THE USE OR OTHER DEALINGS IN


version 2. Provided with no warranties of any sort.
 


pypipe WTF

LIABILITY WHETHER IN AN ACTION OF CONTRACT TORT OR OTHERWISE ARISING FROM
 OUT OF OR IN CONNECTION WITH THE SOFTWARE OR THE USE OR OTHER DEALINGS IN


THEORY OF LIABILITY WHETHER IN CONTRACT STRICT LIABILITY OR TORT
 INCLUDING NEGLIGENCE OR OTHERWISE ARISING IN ANY WAY OUT OF THE USE


pyplif-hippos MHPND

pyplusplus Boost

pypolychord PolyChord

pypolychord-nompi PolyChord

pyproj1 BRILLIO

pyqt4enhanced to set

pyqt5-sip SIP

pyqt6-sip SIP

pyqt-builder SIP

pyquerystring Fancy query string parsing 

ANY THEORY OF LIABILITY WHETHER IN CONTRACT STRICT LIABILITY OR TORT
 INCLUDING NEGLIGENCE OR OTHERWISE ARISING IN ANY WAY OUT OF THE USE OF THIS


WHATSOEVER RESULTING FROM LOSS OF USE DATA OR PROFITS WHETHER IN AN
 ACTION OF CONTRACT NEGLIGENCE OR OTHER TORTIOUS ACTION ARISING OUT OF


ON ANY THEORY OF LIABILITY WHETHER IN CONTRACT STRICT LIABILITY OR TORT
 INCLUDING NEGLIGENCE OR OTHERWISE ARISING IN ANY WAY OUT OF THE USE OF THIS


pyrdf2vec Ghent University and IMEC vzw

pyredmineclient C Telefonica I+D

CAUSED AND ON ANY THEORY OF LIABILITY WHETHER IN CONTRACT STRICT LIABILITY
 OR TORT INCLUDING NEGLIGENCE OR OTHERWISE ARISING IN ANY WAY OUT OF THE USE


pyrobolearn c Brian Delhaisse

LIABILITY WHETHER IN AN ACTION OF CONTRACT TORT OR OTHERWISE ARISING FROM
 OUT OF OR IN CONNECTION WITH THE SOFTWARE OR THE USE OR OTHER DEALINGS IN


pyrxp 

pysc1 BSP

ON ANY THEORY OF LIABILITY WHETHER IN CONTRACT STRICT LIABILITY OR TORT
 INCLUDING NEGLIGENCE OR OTHERWISE ARISING IN ANY WAY OUT OF THE USE OF THIS


pyshin AFPL

pyspeed MIT/X11

py-spring-config Receptiviti Inc

pystempel See documentation

pystortion Aura

pystr 许可证

pysxmovesx n

pytangtv LLNL

pytext lpgl

pythino 

ON ANY THEORY OF LIABILITY WHETHER IN CONTRACT STRICT LIABILITY OR TORT
 INCLUDING NEGLIGENCE OR OTHERWISE ARISING IN ANY WAY OUT OF THE USE OF THIS


LIABLE FOR ANY CLAIM DAMAGES OR OTHER LIABILITY WHETHER IN AN ACTION
 OF CONTRACT TORT OR OTHERWISE ARISING FROM OUT OF OR IN CONNECTION


OTHER LIABILITY WHETHER IN AN ACTION OF CONTRACT TORT OR OTHERWISE
 ARISING FROM OUT OF OR IN CONNECTION WITH THE SOFTWARE OR THE USE OR


# FROM, OUT OF OR IN CONNECTION WITH THE SOFTWARE OR THE USE OR OTHER DEALINGS
 # IN THE SOFTWARE.

LIABILITY WHETHER IN AN ACTION OF CONTRACT TORT OR OTHERWISE ARISING FROM
 OUT OF OR IN CONNECTION WITH THE SOFTWARE OR THE USE OR OTHER DEALINGS IN THE


LIABLE FOR ANY CLAIM DAMAGES OR OTHER LIABILITY WHETHER IN AN ACTION
 OF CONTRACT TORT OR OTHERWISE ARISING  FROM OUT OF OR IN CONNECTION


ON ANY THEORY OF LIABILITY WHETHER IN CONTRACT STRICT LIABILITY OR TORT
 INCLUDING NEGLIGENCE OR OTHERWISE ARISING IN ANY WAY OUT OF THE USE OF THIS


pyvertprof CCby-nc-sa

LIABILITY WHETHER IN AN ACTION OF CONTRACT TORT OR OTHERWISE ARISING FROM
 OUT OF OR IN CONNECTION WITH THE SOFTWARE OR THE USE OR OTHER DEALINGS IN THE


pyygit DBAD

pyz3950 X

pyzone 

qatools-ifchange ifchange

qctrl https://q-ctrl.com/terms

qctrl-api-client https://q-ctrl.com/terms

qctrl-commons https://q-ctrl.com/terms

qctrl-mloop https://q-ctrl.com/terms

qctrl-qua https://q-ctrl.com/terms

qctrl-visualizer https://q-ctrl.com/terms

qiskit-superstaq N/A

qot qot

